<?xml version="1.0" encoding="UTF-8"?>
<testng-results ignored="0" total="2" passed="2" failed="0" skipped="0">
  <reporter-output>
  </reporter-output>
  <suite started-at="2022-02-20T03:04:25 EST" name="Default suite" finished-at="2022-02-20T03:04:30 EST" duration-ms="5795">
    <groups>
      <group name="cucumber">
        <method signature="AbstractTestNGCucumberTests.runScenario(io.cucumber.testng.PickleWrapper,io.cucumber.testng.FeatureWrapper)[pri:0, instance:com.cucumber.runner.Runnerfile@2892d68]" name="runScenario" class="io.cucumber.testng.AbstractTestNGCucumberTests"/>
      </group> <!-- cucumber -->
    </groups>
    <test started-at="2022-02-20T03:04:25 EST" name="Default test" finished-at="2022-02-20T03:04:30 EST" duration-ms="5795">
      <class name="com.cucumber.runner.Runnerfile">
        <test-method is-config="true" signature="setup()[pri:0, instance:com.cucumber.runner.Runnerfile@2892d68]" started-at="2022-02-20T03:04:25 EST" name="setup" finished-at="2022-02-20T03:04:25 EST" duration-ms="6" status="PASS">
          <reporter-output>
          </reporter-output>
        </test-method> <!-- setup -->
        <test-method is-config="true" signature="setUpClass()[pri:0, instance:com.cucumber.runner.Runnerfile@2892d68]" started-at="2022-02-20T03:04:25 EST" name="setUpClass" finished-at="2022-02-20T03:04:25 EST" duration-ms="330" status="PASS">
          <reporter-output>
          </reporter-output>
        </test-method> <!-- setUpClass -->
        <test-method signature="runScenario(io.cucumber.testng.PickleWrapper,io.cucumber.testng.FeatureWrapper)[pri:0, instance:com.cucumber.runner.Runnerfile@2892d68]" started-at="2022-02-20T03:04:25 EST" name="runScenario" description="Runs Cucumber Scenarios" data-provider="scenarios" finished-at="2022-02-20T03:04:29 EST" duration-ms="4218" status="PASS">
          <params>
            <param index="0">
              <value>
                <![CDATA["As an Orbis user, can do successfull login with valid credential"]]>
              </value>
            </param>
            <param index="1">
              <value>
                <![CDATA["Optional[Login function test]"]]>
              </value>
            </param>
          </params>
          <reporter-output>
          </reporter-output>
        </test-method> <!-- runScenario -->
        <test-method signature="test()[pri:0, instance:com.cucumber.runner.Runnerfile@2892d68]" started-at="2022-02-20T03:04:29 EST" name="test" finished-at="2022-02-20T03:04:29 EST" duration-ms="1" status="PASS">
          <reporter-output>
          </reporter-output>
        </test-method> <!-- test -->
        <test-method is-config="true" signature="tearDownClass()[pri:0, instance:com.cucumber.runner.Runnerfile@2892d68]" started-at="2022-02-20T03:04:29 EST" name="tearDownClass" finished-at="2022-02-20T03:04:30 EST" duration-ms="1213" status="PASS">
          <reporter-output>
          </reporter-output>
        </test-method> <!-- tearDownClass -->
        <test-method is-config="true" signature="teardown()[pri:0, instance:com.cucumber.runner.Runnerfile@2892d68]" started-at="2022-02-20T03:04:30 EST" name="teardown" finished-at="2022-02-20T03:04:30 EST" duration-ms="0" status="PASS">
          <reporter-output>
          </reporter-output>
        </test-method> <!-- teardown -->
      </class> <!-- com.cucumber.runner.Runnerfile -->
    </test> <!-- Default test -->
  </suite> <!-- Default suite -->
</testng-results>
